SF:lib/src/core/part.dart
DA:4,0
DA:6,1
DA:8,3
DA:11,0
DA:15,0
LF:5
LH:2
end_of_record
SF:lib/src/core/service.dart
DA:4,0
DA:6,1
DA:8,3
DA:11,0
DA:15,0
LF:5
LH:2
end_of_record
SF:lib/src/core/store.dart
DA:3,5
DA:14,3
DA:19,3
DA:20,3
DA:21,3
DA:22,3
DA:25,0
DA:26,0
DA:28,3
DA:29,3
DA:30,4
DA:31,1
DA:32,1
DA:33,2
DA:34,1
DA:35,0
DA:36,0
DA:39,1
DA:44,3
DA:45,3
DA:47,6
DA:48,3
DA:49,3
DA:50,6
DA:51,3
DA:52,0
DA:53,0
DA:56,3
DA:57,6
DA:62,3
DA:63,3
DA:64,4
DA:65,1
DA:66,1
DA:67,2
DA:68,1
DA:69,0
DA:70,0
DA:73,1
DA:78,2
DA:79,4
DA:82,2
DA:84,6
DA:85,0
DA:87,6
DA:88,0
DA:90,8
DA:91,4
DA:94,2
DA:99,2
DA:100,4
DA:103,2
DA:105,8
DA:106,4
DA:107,4
DA:109,6
DA:110,0
DA:112,6
DA:113,0
DA:116,2
DA:117,4
DA:118,4
DA:119,4
DA:120,4
DA:121,2
DA:125,0
DA:126,0
LF:67
LH:53
end_of_record
SF:lib/src/core/fragments.dart
DA:6,3
DA:7,3
DA:11,3
DA:12,3
DA:13,3
DA:14,0
DA:17,3
LF:7
LH:6
end_of_record
SF:lib/src/core/parts.dart
DA:6,3
DA:7,3
DA:10,1
DA:11,1
DA:12,1
DA:13,0
DA:16,1
LF:7
LH:6
end_of_record
SF:lib/src/core/services.dart
DA:6,3
DA:7,3
DA:10,1
DA:11,1
DA:12,1
DA:13,0
DA:16,1
LF:7
LH:6
end_of_record
SF:lib/src/core/fragment.dart
DA:4,5
DA:9,9
DA:11,4
DA:14,6
DA:16,2
DA:18,2
DA:20,3
DA:22,9
DA:25,1
DA:27,1
DA:28,2
DA:30,0
DA:33,1
DA:35,1
DA:36,2
DA:38,0
DA:41,2
DA:45,2
DA:49,0
DA:51,0
DA:52,0
DA:54,0
DA:60,2
DA:64,4
DA:66,4
DA:68,4
DA:69,2
DA:70,8
DA:71,4
DA:74,2
DA:83,2
DA:87,4
LF:32
LH:26
end_of_record
SF:lib/src/core/registration.dart
DA:7,4
DA:11,2
DA:12,4
DA:13,4
DA:15,4
LF:5
LH:5
end_of_record
SF:lib/src/mobx/fragment.dart
DA:11,0
DA:15,0
DA:16,0
DA:18,0
DA:20,0
LF:5
LH:0
end_of_record
SF:lib/src/mobx/observable.dart
DA:6,0
DA:11,0
DA:18,0
DA:19,0
DA:21,0
DA:22,0
DA:24,0
DA:25,0
DA:27,0
DA:28,0
DA:30,0
DA:31,0
DA:33,0
DA:34,0
DA:36,0
DA:38,0
DA:40,0
DA:45,0
DA:47,0
DA:49,0
DA:51,0
DA:53,0
DA:55,0
DA:56,0
DA:58,0
DA:59,0
DA:61,0
LF:27
LH:0
end_of_record
SF:lib/src/mobx/trigger.dart
DA:7,0
DA:9,0
DA:11,0
DA:13,0
DA:15,0
DA:18,0
DA:20,0
LF:7
LH:0
end_of_record
SF:lib/src/widget/component.dart
DA:7,2
DA:13,1
DA:14,1
DA:22,2
DA:23,0
DA:25,2
DA:27,3
DA:29,0
DA:30,0
DA:32,1
DA:38,1
DA:42,0
DA:46,1
DA:50,1
DA:68,1
DA:69,1
DA:70,1
DA:71,2
DA:72,2
DA:73,0
DA:74,0
DA:75,0
DA:77,0
DA:78,0
DA:79,0
DA:80,0
DA:85,1
DA:86,2
DA:87,2
DA:89,2
DA:91,0
DA:94,2
DA:97,2
DA:99,1
DA:100,1
DA:102,1
DA:103,2
DA:105,0
DA:107,0
DA:108,0
DA:113,0
DA:116,1
DA:118,1
DA:119,1
DA:120,1
DA:122,1
DA:125,1
DA:126,1
DA:127,2
DA:129,0
DA:130,0
DA:135,1
DA:136,2
DA:138,2
DA:139,2
DA:140,1
DA:141,0
DA:142,0
DA:143,0
DA:145,0
DA:148,0
DA:156,1
DA:159,1
DA:161,1
DA:162,2
DA:163,2
DA:164,3
DA:167,2
DA:168,2
DA:169,1
DA:170,0
DA:171,0
DA:172,0
DA:174,0
DA:177,0
DA:185,1
DA:188,1
DA:190,2
DA:191,1
DA:194,1
DA:196,1
DA:197,2
DA:209,2
DA:210,2
DA:213,1
LF:85
LH:57
end_of_record
SF:lib/src/widget/scope.dart
DA:8,1
DA:12,1
DA:14,1
DA:15,1
DA:17,1
DA:19,2
DA:21,2
DA:24,0
DA:25,0
DA:27,0
DA:28,0
DA:32,0
DA:37,1
DA:39,1
DA:40,4
DA:41,3
DA:45,1
DA:47,4
DA:48,3
DA:50,1
DA:53,1
DA:55,1
DA:56,2
DA:57,2
DA:65,1
DA:69,1
DA:79,0
DA:86,0
DA:88,0
DA:90,0
DA:92,0
DA:93,0
DA:94,0
DA:95,0
DA:96,0
DA:97,0
DA:98,0
DA:99,0
LF:38
LH:21
end_of_record
